[ 2016-08-10T22:14:01+08:00 ] ::1 /movie/Public/image/chelizi.jpg
INFO: [ app_init ] --START--
INFO: Run Behavior\BuildLiteBehavior [ RunTime:0.000018s ]
INFO: [ app_init ] --END-- [ RunTime:0.000673s ]

[ 2016-08-10T22:16:16+08:00 ] ::1 /movie/Public/images/moneyperson.jpg
INFO: [ app_init ] --START--
INFO: Run Behavior\BuildLiteBehavior [ RunTime:0.000018s ]
INFO: [ app_init ] --END-- [ RunTime:0.000508s ]

[ 2016-08-10T22:16:16+08:00 ] ::1 /movie/Public/image/chelizi.jpg
INFO: [ app_init ] --START--
INFO: Run Behavior\BuildLiteBehavior [ RunTime:0.000032s ]
INFO: [ app_init ] --END-- [ RunTime:0.000914s ]

[ 2016-08-10T22:16:32+08:00 ] ::1 /movie/Public/image/chelizi.jpg
INFO: [ app_init ] --START--
INFO: Run Behavior\BuildLiteBehavior [ RunTime:0.000030s ]
INFO: [ app_init ] --END-- [ RunTime:0.000784s ]

[ 2016-08-10T22:17:23+08:00 ] ::1 /movie/Public/image/chelizi.jpg
INFO: [ app_init ] --START--
INFO: Run Behavior\BuildLiteBehavior [ RunTime:0.000031s ]
INFO: [ app_init ] --END-- [ RunTime:0.001616s ]

[ 2016-08-10T22:17:32+08:00 ] ::1 /movie/Public/image/chelizi.jpg
INFO: [ app_init ] --START--
INFO: Run Behavior\BuildLiteBehavior [ RunTime:0.000018s ]
INFO: [ app_init ] --END-- [ RunTime:0.000532s ]

[ 2016-08-10T22:17:55+08:00 ] ::1 /movie/Public/image/chelizi.jpg
INFO: [ app_init ] --START--
INFO: Run Behavior\BuildLiteBehavior [ RunTime:0.000023s ]
INFO: [ app_init ] --END-- [ RunTime:0.000533s ]

[ 2016-08-10T22:18:44+08:00 ] ::1 /movie/Public/image/chelizi.jpg
INFO: [ app_init ] --START--
INFO: Run Behavior\BuildLiteBehavior [ RunTime:0.000017s ]
INFO: [ app_init ] --END-- [ RunTime:0.000541s ]

[ 2016-08-10T22:18:54+08:00 ] ::1 /movie/Public/image/chelizi.jpg
INFO: [ app_init ] --START--
INFO: Run Behavior\BuildLiteBehavior [ RunTime:0.000027s ]
INFO: [ app_init ] --END-- [ RunTime:0.000738s ]

[ 2016-08-10T22:20:16+08:00 ] ::1 /movie/Public/image/chelizi.jpg
INFO: [ app_init ] --START--
INFO: Run Behavior\BuildLiteBehavior [ RunTime:0.000026s ]
INFO: [ app_init ] --END-- [ RunTime:0.000594s ]

[ 2016-08-10T22:20:27+08:00 ] ::1 /movie/Public/image/chelizi.jpg
INFO: [ app_init ] --START--
INFO: Run Behavior\BuildLiteBehavior [ RunTime:0.000019s ]
INFO: [ app_init ] --END-- [ RunTime:0.000561s ]

[ 2016-08-10T22:20:38+08:00 ] ::1 /movie/Public/image/chelizi.jpg
INFO: [ app_init ] --START--
INFO: Run Behavior\BuildLiteBehavior [ RunTime:0.000027s ]
INFO: [ app_init ] --END-- [ RunTime:0.000570s ]

[ 2016-08-10T22:20:54+08:00 ] ::1 /movie/Public/image/chelizi.jpg
INFO: [ app_init ] --START--
INFO: Run Behavior\BuildLiteBehavior [ RunTime:0.000029s ]
INFO: [ app_init ] --END-- [ RunTime:0.001413s ]

[ 2016-08-10T22:21:06+08:00 ] ::1 /movie/Public/image/chelizi.jpg
INFO: [ app_init ] --START--
INFO: Run Behavior\BuildLiteBehavior [ RunTime:0.000018s ]
INFO: [ app_init ] --END-- [ RunTime:0.000480s ]

[ 2016-08-10T22:22:34+08:00 ] ::1 /movie/Public/image/chelizi.jpg
INFO: [ app_init ] --START--
INFO: Run Behavior\BuildLiteBehavior [ RunTime:0.000016s ]
INFO: [ app_init ] --END-- [ RunTime:0.000477s ]

[ 2016-08-10T22:22:47+08:00 ] ::1 /movie/Public/image/chelizi.jpg
INFO: [ app_init ] --START--
INFO: Run Behavior\BuildLiteBehavior [ RunTime:0.000029s ]
INFO: [ app_init ] --END-- [ RunTime:0.000643s ]

[ 2016-08-10T22:22:56+08:00 ] ::1 /movie/Public/image/chelizi.jpg
INFO: [ app_init ] --START--
INFO: Run Behavior\BuildLiteBehavior [ RunTime:0.000027s ]
INFO: [ app_init ] --END-- [ RunTime:0.000745s ]

[ 2016-08-10T22:23:04+08:00 ] ::1 /movie/Public/image/chelizi.jpg
INFO: [ app_init ] --START--
INFO: Run Behavior\BuildLiteBehavior [ RunTime:0.000034s ]
INFO: [ app_init ] --END-- [ RunTime:0.000968s ]

[ 2016-08-10T22:28:36+08:00 ] ::1 /movie/Public/image/chelizi.jpg
INFO: [ app_init ] --START--
INFO: Run Behavior\BuildLiteBehavior [ RunTime:0.000026s ]
INFO: [ app_init ] --END-- [ RunTime:0.000704s ]

[ 2016-08-10T22:28:40+08:00 ] ::1 /movie/Public/image/chelizi.jpg
INFO: [ app_init ] --START--
INFO: Run Behavior\BuildLiteBehavior [ RunTime:0.000017s ]
INFO: [ app_init ] --END-- [ RunTime:0.000474s ]

[ 2016-08-10T22:28:44+08:00 ] ::1 /movie/Public/image/chelizi.jpg
INFO: [ app_init ] --START--
INFO: Run Behavior\BuildLiteBehavior [ RunTime:0.000017s ]
INFO: [ app_init ] --END-- [ RunTime:0.000504s ]

[ 2016-08-10T22:28:53+08:00 ] ::1 /movie/Public/image/chelizi.jpg
INFO: [ app_init ] --START--
INFO: Run Behavior\BuildLiteBehavior [ RunTime:0.000019s ]
INFO: [ app_init ] --END-- [ RunTime:0.000624s ]

[ 2016-08-10T22:29:05+08:00 ] ::1 /movie/Public/image/chelizi.jpg
INFO: [ app_init ] --START--
INFO: Run Behavior\BuildLiteBehavior [ RunTime:0.000019s ]
INFO: [ app_init ] --END-- [ RunTime:0.000585s ]

[ 2016-08-10T22:29:09+08:00 ] ::1 /movie/Public/image/chelizi.jpg
INFO: [ app_init ] --START--
INFO: Run Behavior\BuildLiteBehavior [ RunTime:0.000020s ]
INFO: [ app_init ] --END-- [ RunTime:0.000559s ]

[ 2016-08-10T22:29:17+08:00 ] ::1 /movie/Public/image/chelizi.jpg
INFO: [ app_init ] --START--
INFO: Run Behavior\BuildLiteBehavior [ RunTime:0.000018s ]
INFO: [ app_init ] --END-- [ RunTime:0.000530s ]

[ 2016-08-10T22:30:01+08:00 ] ::1 /movie/Public/image/chelizi.jpg
INFO: [ app_init ] --START--
INFO: Run Behavior\BuildLiteBehavior [ RunTime:0.000017s ]
INFO: [ app_init ] --END-- [ RunTime:0.000527s ]

[ 2016-08-10T22:30:06+08:00 ] ::1 /movie/Public/image/chelizi.jpg
INFO: [ app_init ] --START--
INFO: Run Behavior\BuildLiteBehavior [ RunTime:0.000019s ]
INFO: [ app_init ] --END-- [ RunTime:0.000608s ]

[ 2016-08-10T22:32:37+08:00 ] ::1 /movie/Public/image/chelizi.jpg
INFO: [ app_init ] --START--
INFO: Run Behavior\BuildLiteBehavior [ RunTime:0.000019s ]
INFO: [ app_init ] --END-- [ RunTime:0.000528s ]

[ 2016-08-10T22:34:06+08:00 ] ::1 /movie/Public/image/chelizi.jpg
INFO: [ app_init ] --START--
INFO: Run Behavior\BuildLiteBehavior [ RunTime:0.000020s ]
INFO: [ app_init ] --END-- [ RunTime:0.000584s ]

[ 2016-08-10T22:34:25+08:00 ] ::1 /movie/Public/image/chelizi.jpg
INFO: [ app_init ] --START--
INFO: Run Behavior\BuildLiteBehavior [ RunTime:0.000023s ]
INFO: [ app_init ] --END-- [ RunTime:0.000523s ]

[ 2016-08-10T22:34:34+08:00 ] ::1 /movie/Public/image/chelizi.jpg
INFO: [ app_init ] --START--
INFO: Run Behavior\BuildLiteBehavior [ RunTime:0.000043s ]
INFO: [ app_init ] --END-- [ RunTime:0.001143s ]

[ 2016-08-10T22:40:13+08:00 ] ::1 /movie/Public/image/chelizi.jpg
INFO: [ app_init ] --START--
INFO: Run Behavior\BuildLiteBehavior [ RunTime:0.000017s ]
INFO: [ app_init ] --END-- [ RunTime:0.000490s ]

[ 2016-08-10T22:40:17+08:00 ] ::1 /movie/Public/image/chelizi.jpg
INFO: [ app_init ] --START--
INFO: Run Behavior\BuildLiteBehavior [ RunTime:0.000018s ]
INFO: [ app_init ] --END-- [ RunTime:0.000446s ]

