[ 2016-09-10T09:23:05+08:00 ] ::1 /movie/Home/Index/%E7%94%B5%E8%A7%86%E5%AA%92%E4%BD%93%E6%8A%A5%E9%81%93-%E8%A1%8C%E4%B8%9A%E5%BD%B1%E5%93%8D%E5%8A%9B-91%E6%81%8B%E8%BD%A6_files/1-151105201415293.png
INFO: [ app_init ] --START--
INFO: Run Behavior\BuildLiteBehavior [ RunTime:0.000024s ]
INFO: [ app_init ] --END-- [ RunTime:0.000628s ]

[ 2016-09-10T09:23:06+08:00 ] ::1 /movie/Home/Index/%E7%94%B5%E8%A7%86%E5%AA%92%E4%BD%93%E6%8A%A5%E9%81%93-%E8%A1%8C%E4%B8%9A%E5%BD%B1%E5%93%8D%E5%8A%9B-91%E6%81%8B%E8%BD%A6_files/1-151105201316319.png
INFO: [ app_init ] --START--
INFO: Run Behavior\BuildLiteBehavior [ RunTime:0.000015s ]
INFO: [ app_init ] --END-- [ RunTime:0.000490s ]

[ 2016-09-10T09:23:06+08:00 ] ::1 /movie/Home/Index/%E7%94%B5%E8%A7%86%E5%AA%92%E4%BD%93%E6%8A%A5%E9%81%93-%E8%A1%8C%E4%B8%9A%E5%BD%B1%E5%93%8D%E5%8A%9B-91%E6%81%8B%E8%BD%A6_files/oval.png
INFO: [ app_init ] --START--
INFO: Run Behavior\BuildLiteBehavior [ RunTime:0.000027s ]
INFO: [ app_init ] --END-- [ RunTime:0.000875s ]

[ 2016-09-10T09:23:06+08:00 ] ::1 /movie/Home/Index/%E7%94%B5%E8%A7%86%E5%AA%92%E4%BD%93%E6%8A%A5%E9%81%93-%E8%A1%8C%E4%B8%9A%E5%BD%B1%E5%93%8D%E5%8A%9B-91%E6%81%8B%E8%BD%A6_files/1-1511052011214C.png
INFO: [ app_init ] --START--
INFO: Run Behavior\BuildLiteBehavior [ RunTime:0.000017s ]
INFO: [ app_init ] --END-- [ RunTime:0.000476s ]

[ 2016-09-10T09:23:07+08:00 ] ::1 /movie/Home/Index/%E7%94%B5%E8%A7%86%E5%AA%92%E4%BD%93%E6%8A%A5%E9%81%93-%E8%A1%8C%E4%B8%9A%E5%BD%B1%E5%93%8D%E5%8A%9B-91%E6%81%8B%E8%BD%A6_files/1-151105201609637.png
INFO: [ app_init ] --START--
INFO: Run Behavior\BuildLiteBehavior [ RunTime:0.000022s ]
INFO: [ app_init ] --END-- [ RunTime:0.000866s ]

[ 2016-09-10T09:23:07+08:00 ] ::1 /movie/Home/Index/%E7%94%B5%E8%A7%86%E5%AA%92%E4%BD%93%E6%8A%A5%E9%81%93-%E8%A1%8C%E4%B8%9A%E5%BD%B1%E5%93%8D%E5%8A%9B-91%E6%81%8B%E8%BD%A6_files/1-151105201530635.png
INFO: [ app_init ] --START--
INFO: Run Behavior\BuildLiteBehavior [ RunTime:0.000020s ]
INFO: [ app_init ] --END-- [ RunTime:0.000697s ]

[ 2016-09-10T09:23:08+08:00 ] ::1 /movie/Home/Index/%E7%94%B5%E8%A7%86%E5%AA%92%E4%BD%93%E6%8A%A5%E9%81%93-%E8%A1%8C%E4%B8%9A%E5%BD%B1%E5%93%8D%E5%8A%9B-91%E6%81%8B%E8%BD%A6_files/1-151106155922B5.jpg
INFO: [ app_init ] --START--
INFO: Run Behavior\BuildLiteBehavior [ RunTime:0.000022s ]
INFO: [ app_init ] --END-- [ RunTime:0.001186s ]

[ 2016-09-10T09:23:08+08:00 ] ::1 /movie/Home/Index/%E7%94%B5%E8%A7%86%E5%AA%92%E4%BD%93%E6%8A%A5%E9%81%93-%E8%A1%8C%E4%B8%9A%E5%BD%B1%E5%93%8D%E5%8A%9B-91%E6%81%8B%E8%BD%A6_files/1-1601151F925455.png
INFO: [ app_init ] --START--
INFO: Run Behavior\BuildLiteBehavior [ RunTime:0.000018s ]
INFO: [ app_init ] --END-- [ RunTime:0.000630s ]

