[ 2016-08-12T09:28:49+08:00 ] ::1 /movie/index.php/Home/Index/Public/images/moneyperson.png
INFO: [ app_init ] --START--
INFO: Run Behavior\BuildLiteBehavior [ RunTime:0.000068s ]
INFO: [ app_init ] --END-- [ RunTime:0.000718s ]

[ 2016-08-12T09:28:51+08:00 ] ::1 /movie/index.php/Home/Index/Public/images/moneyperson.png
INFO: [ app_init ] --START--
INFO: Run Behavior\BuildLiteBehavior [ RunTime:0.000044s ]
INFO: [ app_init ] --END-- [ RunTime:0.000813s ]

[ 2016-08-12T09:28:52+08:00 ] ::1 /movie/index.php/Home/Index/Public/images/moneyperson.png
INFO: [ app_init ] --START--
INFO: Run Behavior\BuildLiteBehavior [ RunTime:0.000028s ]
INFO: [ app_init ] --END-- [ RunTime:0.000522s ]

[ 2016-08-12T09:29:13+08:00 ] ::1 /movie/index.php/Home/Index/Public/images/moneyperson.png
INFO: [ app_init ] --START--
INFO: Run Behavior\BuildLiteBehavior [ RunTime:0.000045s ]
INFO: [ app_init ] --END-- [ RunTime:0.001054s ]

[ 2016-08-12T09:29:25+08:00 ] ::1 /movie/index.php/Home/Index/Public/images/moneyperson.png
INFO: [ app_init ] --START--
INFO: Run Behavior\BuildLiteBehavior [ RunTime:0.000041s ]
INFO: [ app_init ] --END-- [ RunTime:0.000746s ]

[ 2016-08-12T09:29:26+08:00 ] ::1 /movie/index.php/Home/Index/Public/images/moneyperson.png
INFO: [ app_init ] --START--
INFO: Run Behavior\BuildLiteBehavior [ RunTime:0.000060s ]
INFO: [ app_init ] --END-- [ RunTime:0.000975s ]

[ 2016-08-12T10:05:47+08:00 ] ::1 /movie/index.php/vote.html
INFO: [ app_init ] --START--
INFO: Run Behavior\BuildLiteBehavior [ RunTime:0.000024s ]
INFO: [ app_init ] --END-- [ RunTime:0.000417s ]
ERR: 无法加载模块:Vote

